<?xml version="1.0" encoding="UTF-8"?>
<!-- Generated by org.testng.reporters.JUnitXMLReporter -->
<testsuite ignored="0" hostname="Ahmads-Laptop" failures="1" tests="25" name="Test" time="2.259" errors="0" timestamp="2024-11-02T23:36:13 PKT">
  <testcase classname="test.AccountManagerTests" name="testCreateAccount" time="0.043"/>
  <testcase classname="test.AccountManagerTests" name="testUpdateBalance" time="0.007"/>
  <testcase classname="test.UserProfileTests" name="testGetProfile" time="0.003"/>
  <testcase classname="test.UserProfileTests" name="testUpdateProfile" time="0.006"/>
  <testcase classname="test.AuditLogTests" name="testAddLogEntry" time="0.005"/>
  <testcase classname="test.AuditLogTests" name="testRetrieveLogs" time="0.004"/>
  <testcase classname="test.UserAuthenticationTests" name="testLogin" time="0.022"/>
  <testcase classname="test.UserAuthenticationTests" name="testLogin" time="0.004"/>
  <testcase classname="test.UserAuthenticationTests" name="testLogin" time="0.006"/>
  <testcase classname="test.UserAuthenticationTests" name="testLogin" time="0.003"/>
  <testcase classname="test.UserAuthenticationTests" name="testLogin" time="0.004"/>
  <testcase classname="test.UserAuthenticationTests" name="testLogin" time="0.008"/>
  <testcase classname="test.UserAuthenticationTests" name="testLoginWithExcelData" time="0.02"/>
  <testcase classname="test.UserAuthenticationTests" name="testLoginWithExcelData" time="1.815">
    <failure type="org.testng.internal.reflect.MethodMatcherException" message="
[public void test.UserAuthenticationTests.testLoginWithExcelData(java.lang.String,java.lang.String,java.lang.String,java.lang.String,java.lang.String,boolean)] has no parameters defined but was found to be using a data provider (either explicitly specified or inherited from class level annotation).
Data provider mismatch
Method: testLoginWithExcelData([Parameter{index=0, type=java.lang.String, declaredAnnotations=[]}, Parameter{index=1, type=java.lang.String, declaredAnnotations=[]}, Parameter{index=2, type=java.lang.String, declaredAnnotations=[]}, Parameter{index=3, type=java.lang.String, declaredAnnotations=[]}, Parameter{index=4, type=java.lang.String, declaredAnnotations=[]}, Parameter{index=5, type=boolean, declaredAnnotations=[]}])
Arguments: [(java.lang.Double) 1.0,(java.lang.String) login,(java.lang.String) valid login,(java.lang.String) user,(java.lang.String) pass,(java.lang.Boolean) true]">
      <![CDATA[org.testng.internal.reflect.MethodMatcherException: 
[public void test.UserAuthenticationTests.testLoginWithExcelData(java.lang.String,java.lang.String,java.lang.String,java.lang.String,java.lang.String,boolean)] has no parameters defined but was found to be using a data provider (either explicitly specified or inherited from class level annotation).
Data provider mismatch
Method: testLoginWithExcelData([Parameter{index=0, type=java.lang.String, declaredAnnotations=[]}, Parameter{index=1, type=java.lang.String, declaredAnnotations=[]}, Parameter{index=2, type=java.lang.String, declaredAnnotations=[]}, Parameter{index=3, type=java.lang.String, declaredAnnotations=[]}, Parameter{index=4, type=java.lang.String, declaredAnnotations=[]}, Parameter{index=5, type=boolean, declaredAnnotations=[]}])
Arguments: [(java.lang.Double) 1.0,(java.lang.String) login,(java.lang.String) valid login,(java.lang.String) user,(java.lang.String) pass,(java.lang.Boolean) true]
at java.base/java.util.ArrayList.forEach(ArrayList.java:1597)
... Removed 22 stack frames]]>
    </failure>
  </testcase> <!-- testLoginWithExcelData -->
  <testcase classname="test.UserAuthenticationTests" name="testLogout" time="0.004"/>
  <testcase classname="test.UserAuthenticationTests" name="testResetPassword" time="0.016"/>
  <testcase classname="test.UserAuthenticationTests" name="testResetPassword" time="0.003"/>
  <testcase classname="test.UserAuthenticationTests" name="testResetPassword" time="0.005"/>
  <testcase classname="test.UserAuthenticationTests" name="testResetPassword" time="0.004"/>
  <testcase classname="test.MonthlyReportGeneratorTests" name="testExportReport" time="0.003"/>
  <testcase classname="test.MonthlyReportGeneratorTests" name="testGenerateMonthlyReport" time="0.016"/>
  <testcase classname="test.MonthlyReportGeneratorTests" name="testGenerateMonthlyReport" time="0.001"/>
  <testcase classname="test.TransactionManagerTests" name="testProcessTransaction" time="0.016"/>
  <testcase classname="test.TransactionManagerTests" name="testProcessTransaction" time="0.002"/>
  <testcase classname="test.TransactionManagerTests" name="testRevertTransaction" time="0.002"/>
</testsuite> <!-- Test -->
