<html>
<head>
<title>TestNG:  Test</title>
<link href="../testng.css" rel="stylesheet" type="text/css" />
<link href="../my-testng.css" rel="stylesheet" type="text/css" />

<style type="text/css">
.log { display: none;} 
.stack-trace { display: none;} 
</style>
<script type="text/javascript">
<!--
function flip(e) {
  current = e.style.display;
  if (current == 'block') {
    e.style.display = 'none';
    return 0;
  }
  else {
    e.style.display = 'block';
    return 1;
  }
}

function toggleBox(szDivId, elem, msg1, msg2)
{
  var res = -1;  if (document.getElementById) {
    res = flip(document.getElementById(szDivId));
  }
  else if (document.all) {
    // this is the way old msie versions work
    res = flip(document.all[szDivId]);
  }
  if(elem) {
    if(res == 0) elem.innerHTML = msg1; else elem.innerHTML = msg2;
  }

}

function toggleAllBoxes() {
  if (document.getElementsByTagName) {
    d = document.getElementsByTagName('div');
    for (i = 0; i < d.length; i++) {
      if (d[i].className == 'log') {
        flip(d[i]);
      }
    }
  }
}

// -->
</script>

</head>
<body>
<h2 align='center'>Test</h2><table border='1' align="center">
<tr>
<td>Tests passed/Failed/Skipped:</td><td>24/1/0</td>
</tr><tr>
<td>Started on:</td><td>Sat Nov 02 23:36:11 PKT 2024</td>
</tr>
<tr><td>Total time:</td><td>2 seconds (2259 ms)</td>
</tr><tr>
<td>Included groups:</td><td></td>
</tr><tr>
<td>Excluded groups:</td><td></td>
</tr>
</table><p/>
<small><i>(Hover the method name to see the test class name)</i></small><p/>
<table width='100%' border='1' class='invocation-failed'>
<tr><td colspan='4' align='center'><b>FAILED TESTS</b></td></tr>
<tr><td><b>Test method</b></td>
<td width="30%"><b>Exception</b></td>
<td width="10%"><b>Time (seconds)</b></td>
<td><b>Instance</b></td>
</tr>
<tr>
<td title='test.UserAuthenticationTests.testLoginWithExcelData()'><b>testLoginWithExcelData</b><br>Test class: test.UserAuthenticationTests</td>
<td><div><pre>org.testng.internal.reflect.MethodMatcherException: 
[public void test.UserAuthenticationTests.testLoginWithExcelData(java.lang.String,java.lang.String,java.lang.String,java.lang.String,java.lang.String,boolean)] has no parameters defined but was found to be using a data provider (either explicitly specified or inherited from class level annotation).
Data provider mismatch
Method: testLoginWithExcelData([Parameter{index=0, type=java.lang.String, declaredAnnotations=[]}, Parameter{index=1, type=java.lang.String, declaredAnnotations=[]}, Parameter{index=2, type=java.lang.String, declaredAnnotations=[]}, Parameter{index=3, type=java.lang.String, declaredAnnotations=[]}, Parameter{index=4, type=java.lang.String, declaredAnnotations=[]}, Parameter{index=5, type=boolean, declaredAnnotations=[]}])
Arguments: [(java.lang.Double) 1.0,(java.lang.String) login,(java.lang.String) valid login,(java.lang.String) user,(java.lang.String) pass,(java.lang.Boolean) true]
	at java.base/java.util.ArrayList.forEach(ArrayList.java:1597)
... Removed 22 stack frames</pre></div><a href='#' onClick='toggleBox("stack-trace931911789", this, "Click to show all stack frames", "Click to hide stack frames")'>Click to show all stack frames</a>
<div class='stack-trace' id='stack-trace931911789'><pre>org.testng.internal.reflect.MethodMatcherException: 
[public void test.UserAuthenticationTests.testLoginWithExcelData(java.lang.String,java.lang.String,java.lang.String,java.lang.String,java.lang.String,boolean)] has no parameters defined but was found to be using a data provider (either explicitly specified or inherited from class level annotation).
Data provider mismatch
Method: testLoginWithExcelData([Parameter{index=0, type=java.lang.String, declaredAnnotations=[]}, Parameter{index=1, type=java.lang.String, declaredAnnotations=[]}, Parameter{index=2, type=java.lang.String, declaredAnnotations=[]}, Parameter{index=3, type=java.lang.String, declaredAnnotations=[]}, Parameter{index=4, type=java.lang.String, declaredAnnotations=[]}, Parameter{index=5, type=boolean, declaredAnnotations=[]}])
Arguments: [(java.lang.Double) 1.0,(java.lang.String) login,(java.lang.String) valid login,(java.lang.String) user,(java.lang.String) pass,(java.lang.Boolean) true]
	at org.testng.internal.reflect.DataProviderMethodMatcher.getConformingArguments(DataProviderMethodMatcher.java:43)
	at org.testng.internal.Parameters.injectParameters(Parameters.java:914)
	at org.testng.internal.MethodRunner.runInSequence(MethodRunner.java:34)
	at org.testng.internal.TestInvoker$MethodInvocationAgent.invoke(TestInvoker.java:824)
	at org.testng.internal.TestInvoker.invokeTestMethods(TestInvoker.java:146)
	at org.testng.internal.TestMethodWorker.invokeTestMethods(TestMethodWorker.java:146)
	at org.testng.internal.TestMethodWorker.run(TestMethodWorker.java:128)
	at java.base/java.util.ArrayList.forEach(ArrayList.java:1597)
	at org.testng.TestRunner.privateRun(TestRunner.java:794)
	at org.testng.TestRunner.run(TestRunner.java:596)
	at org.testng.SuiteRunner.runTest(SuiteRunner.java:377)
	at org.testng.SuiteRunner.runSequentially(SuiteRunner.java:371)
	at org.testng.SuiteRunner.privateRun(SuiteRunner.java:332)
	at org.testng.SuiteRunner.run(SuiteRunner.java:276)
	at org.testng.SuiteRunnerWorker.runSuite(SuiteRunnerWorker.java:53)
	at org.testng.SuiteRunnerWorker.run(SuiteRunnerWorker.java:96)
	at org.testng.TestNG.runSuitesSequentially(TestNG.java:1212)
	at org.testng.TestNG.runSuitesLocally(TestNG.java:1134)
	at org.testng.TestNG.runSuites(TestNG.java:1063)
	at org.testng.TestNG.run(TestNG.java:1031)
	at org.testng.remote.AbstractRemoteTestNG.run(AbstractRemoteTestNG.java:115)
	at org.testng.remote.RemoteTestNG.initAndRun(RemoteTestNG.java:293)
	at org.testng.remote.RemoteTestNG.main(RemoteTestNG.java:91)
</pre></div></td>
<td>1</td>
<td>test.UserAuthenticationTests@729d991e</td></tr>
</table><p>
<table width='100%' border='1' class='invocation-passed'>
<tr><td colspan='4' align='center'><b>PASSED TESTS</b></td></tr>
<tr><td><b>Test method</b></td>
<td width="30%"><b>Exception</b></td>
<td width="10%"><b>Time (seconds)</b></td>
<td><b>Instance</b></td>
</tr>
<tr>
<td title='test.UserProfileTests.testUpdateProfile()'><b>testUpdateProfile</b><br>Test class: test.UserProfileTests</td>
<td></td>
<td>0</td>
<td>test.UserProfileTests@316bcf94</td></tr>
<tr>
<td title='test.AuditLogTests.testAddLogEntry()'><b>testAddLogEntry</b><br>Test class: test.AuditLogTests</td>
<td></td>
<td>0</td>
<td>test.AuditLogTests@3e11f9e9</td></tr>
<tr>
<td title='test.UserAuthenticationTests.testResetPassword()'><b>testResetPassword</b><br>Test class: test.UserAuthenticationTests<br>Parameters: , false</td>
<td></td>
<td>0</td>
<td>test.UserAuthenticationTests@729d991e</td></tr>
<tr>
<td title='test.TransactionManagerTests.testProcessTransaction()'><b>testProcessTransaction</b><br>Test class: test.TransactionManagerTests<br>Parameters: 1, 2, 100.0, true</td>
<td></td>
<td>0</td>
<td>test.TransactionManagerTests@2c1b194a</td></tr>
<tr>
<td title='test.AccountManagerTests.testUpdateBalance()'><b>testUpdateBalance</b><br>Test class: test.AccountManagerTests</td>
<td></td>
<td>0</td>
<td>test.AccountManagerTests@e15b7e8</td></tr>
<tr>
<td title='test.MonthlyReportGeneratorTests.testExportReport()'><b>testExportReport</b><br>Test class: test.MonthlyReportGeneratorTests</td>
<td></td>
<td>0</td>
<td>test.MonthlyReportGeneratorTests@957e06</td></tr>
<tr>
<td title='test.UserAuthenticationTests.testResetPassword()'><b>testResetPassword</b><br>Test class: test.UserAuthenticationTests<br>Parameters: @, true</td>
<td></td>
<td>0</td>
<td>test.UserAuthenticationTests@729d991e</td></tr>
<tr>
<td title='test.UserAuthenticationTests.testLogin()'><b>testLogin</b><br>Test class: test.UserAuthenticationTests<br>Parameters: user, , false</td>
<td></td>
<td>0</td>
<td>test.UserAuthenticationTests@729d991e</td></tr>
<tr>
<td title='test.UserAuthenticationTests.testLoginWithExcelData()'><b>testLoginWithExcelData</b><br>Test class: test.UserAuthenticationTests<br>Parameters: testID, function, description, username, password, false</td>
<td></td>
<td>0</td>
<td>test.UserAuthenticationTests@729d991e</td></tr>
<tr>
<td title='test.UserAuthenticationTests.testLogin()'><b>testLogin</b><br>Test class: test.UserAuthenticationTests<br>Parameters: , pass, false</td>
<td></td>
<td>0</td>
<td>test.UserAuthenticationTests@729d991e</td></tr>
<tr>
<td title='test.UserAuthenticationTests.testLogin()'><b>testLogin</b><br>Test class: test.UserAuthenticationTests<br>Parameters: wrongUser, pass, false</td>
<td></td>
<td>0</td>
<td>test.UserAuthenticationTests@729d991e</td></tr>
<tr>
<td title='test.MonthlyReportGeneratorTests.testGenerateMonthlyReport()'><b>testGenerateMonthlyReport</b><br>Test class: test.MonthlyReportGeneratorTests<br>Parameters: -1, January, 2024, null</td>
<td></td>
<td>0</td>
<td>test.MonthlyReportGeneratorTests@957e06</td></tr>
<tr>
<td title='test.AccountManagerTests.testCreateAccount()'><b>testCreateAccount</b><br>Test class: test.AccountManagerTests</td>
<td></td>
<td>0</td>
<td>test.AccountManagerTests@e15b7e8</td></tr>
<tr>
<td title='test.UserAuthenticationTests.testLogout()'><b>testLogout</b><br>Test class: test.UserAuthenticationTests</td>
<td></td>
<td>0</td>
<td>test.UserAuthenticationTests@729d991e</td></tr>
<tr>
<td title='test.TransactionManagerTests.testProcessTransaction()'><b>testProcessTransaction</b><br>Test class: test.TransactionManagerTests<br>Parameters: 1, 0, -50.0, false</td>
<td></td>
<td>0</td>
<td>test.TransactionManagerTests@2c1b194a</td></tr>
<tr>
<td title='test.TransactionManagerTests.testRevertTransaction()'><b>testRevertTransaction</b><br>Test class: test.TransactionManagerTests</td>
<td></td>
<td>0</td>
<td>test.TransactionManagerTests@2c1b194a</td></tr>
<tr>
<td title='test.UserProfileTests.testGetProfile()'><b>testGetProfile</b><br>Test class: test.UserProfileTests</td>
<td></td>
<td>0</td>
<td>test.UserProfileTests@316bcf94</td></tr>
<tr>
<td title='test.MonthlyReportGeneratorTests.testGenerateMonthlyReport()'><b>testGenerateMonthlyReport</b><br>Test class: test.MonthlyReportGeneratorTests<br>Parameters: 1, January, 2024, Report for January 2024</td>
<td></td>
<td>0</td>
<td>test.MonthlyReportGeneratorTests@957e06</td></tr>
<tr>
<td title='test.UserAuthenticationTests.testLogin()'><b>testLogin</b><br>Test class: test.UserAuthenticationTests<br>Parameters: user, wrong, false</td>
<td></td>
<td>0</td>
<td>test.UserAuthenticationTests@729d991e</td></tr>
<tr>
<td title='test.UserAuthenticationTests.testResetPassword()'><b>testResetPassword</b><br>Test class: test.UserAuthenticationTests<br>Parameters: user.com, false</td>
<td></td>
<td>0</td>
<td>test.UserAuthenticationTests@729d991e</td></tr>
<tr>
<td title='test.UserAuthenticationTests.testLogin()'><b>testLogin</b><br>Test class: test.UserAuthenticationTests<br>Parameters: , , false</td>
<td></td>
<td>0</td>
<td>test.UserAuthenticationTests@729d991e</td></tr>
<tr>
<td title='test.UserAuthenticationTests.testLogin()'><b>testLogin</b><br>Test class: test.UserAuthenticationTests<br>Parameters: user, pass, true</td>
<td></td>
<td>0</td>
<td>test.UserAuthenticationTests@729d991e</td></tr>
<tr>
<td title='test.UserAuthenticationTests.testResetPassword()'><b>testResetPassword</b><br>Test class: test.UserAuthenticationTests<br>Parameters: @example.com, true</td>
<td></td>
<td>0</td>
<td>test.UserAuthenticationTests@729d991e</td></tr>
<tr>
<td title='test.AuditLogTests.testRetrieveLogs()'><b>testRetrieveLogs</b><br>Test class: test.AuditLogTests</td>
<td></td>
<td>0</td>
<td>test.AuditLogTests@3e11f9e9</td></tr>
</table><p>
</body>
</html>